Mon Nov 12 2018 15:10:25 GMT+0700 (Indochina Time): GET /about
Mon Nov 12 2018 15:11:12 GMT+0700 (Indochina Time): GET /
Mon Nov 12 2018 15:18:18 GMT+0700 (Indochina Time): GET /
Mon Nov 12 2018 15:18:20 GMT+0700 (Indochina Time): GET /
Mon Nov 12 2018 15:18:32 GMT+0700 (Indochina Time): GET /
Mon Nov 12 2018 15:19:03 GMT+0700 (Indochina Time): GET /
Mon Nov 12 2018 15:19:08 GMT+0700 (Indochina Time): GET /
Mon Nov 12 2018 15:22:03 GMT+0700 (Indochina Time): GET /help.html
Mon Nov 12 2018 16:05:05 GMT+0700 (Indochina Time): GET /help.html
Mon Nov 12 2018 16:05:05 GMT+0700 (Indochina Time): GET /help.html
Mon Nov 12 2018 16:05:13 GMT+0700 (Indochina Time): GET /help.html
Mon Nov 12 2018 16:05:20 GMT+0700 (Indochina Time): GET /
Mon Nov 12 2018 16:18:26 GMT+0700 (Indochina Time): GET /
Mon Nov 12 2018 16:18:27 GMT+0700 (Indochina Time): GET /
Mon Nov 12 2018 16:18:28 GMT+0700 (Indochina Time): GET /
Mon Nov 12 2018 16:18:29 GMT+0700 (Indochina Time): GET /
Mon Nov 12 2018 16:19:23 GMT+0700 (Indochina Time): GET /
Mon Nov 12 2018 16:19:52 GMT+0700 (Indochina Time): GET /
Mon Nov 12 2018 16:19:53 GMT+0700 (Indochina Time): GET /
Mon Nov 12 2018 16:20:55 GMT+0700 (Indochina Time): GET /
Mon Nov 12 2018 16:21:35 GMT+0700 (Indochina Time): GET /
Mon Nov 12 2018 16:21:41 GMT+0700 (Indochina Time): GET /about
Mon Nov 12 2018 16:58:25 GMT+0700 (Indochina Time): GET /about
Mon Nov 12 2018 16:58:26 GMT+0700 (Indochina Time): GET /about
Mon Nov 12 2018 16:58:28 GMT+0700 (Indochina Time): GET /
Mon Nov 12 2018 22:18:01 GMT+0700 (Indochina Time): GET /
Mon Nov 12 2018 22:18:01 GMT+0700 (Indochina Time): GET /favicon.ico
Tue Nov 13 2018 10:56:45 GMT+0700 (Indochina Time): GET /
Tue Nov 13 2018 10:56:45 GMT+0700 (Indochina Time): GET /favicon.ico
Tue Nov 13 2018 10:56:47 GMT+0700 (Indochina Time): GET /
Tue Nov 13 2018 10:57:01 GMT+0700 (Indochina Time): GET /
Tue Nov 13 2018 10:57:20 GMT+0700 (Indochina Time): GET /
Tue Nov 13 2018 10:57:21 GMT+0700 (Indochina Time): GET /about
Tue Nov 13 2018 10:57:22 GMT+0700 (Indochina Time): GET /
Tue Nov 13 2018 10:57:23 GMT+0700 (Indochina Time): GET /about
Tue Nov 13 2018 10:57:25 GMT+0700 (Indochina Time): GET /
Tue Nov 13 2018 10:58:04 GMT+0700 (Indochina Time): GET /
Tue Nov 13 2018 10:58:05 GMT+0700 (Indochina Time): GET /
Tue Nov 13 2018 10:58:05 GMT+0700 (Indochina Time): GET /
Tue Nov 13 2018 10:58:06 GMT+0700 (Indochina Time): GET /
Tue Nov 13 2018 10:58:11 GMT+0700 (Indochina Time): GET /project
Tue Nov 13 2018 10:58:15 GMT+0700 (Indochina Time): GET /
Tue Nov 13 2018 10:58:16 GMT+0700 (Indochina Time): GET /about
Tue Nov 13 2018 10:58:36 GMT+0700 (Indochina Time): GET /project
Tue Nov 13 2018 10:58:53 GMT+0700 (Indochina Time): GET /project
Tue Nov 13 2018 10:58:57 GMT+0700 (Indochina Time): GET /
Tue Nov 13 2018 10:59:22 GMT+0700 (Indochina Time): GET /
Tue Nov 13 2018 10:59:23 GMT+0700 (Indochina Time): GET /
Tue Nov 13 2018 10:59:30 GMT+0700 (Indochina Time): GET /project
Tue Nov 13 2018 11:03:09 GMT+0700 (Indochina Time): GET /project
Tue Nov 13 2018 11:03:09 GMT+0700 (Indochina Time): GET /project
Tue Nov 13 2018 11:03:09 GMT+0700 (Indochina Time): GET /project
Tue Nov 13 2018 11:03:10 GMT+0700 (Indochina Time): GET /project
Tue Nov 13 2018 11:03:10 GMT+0700 (Indochina Time): GET /project
Tue Nov 13 2018 11:03:33 GMT+0700 (Indochina Time): GET /project
Tue Nov 13 2018 11:05:20 GMT+0700 (Indochina Time): GET /project
Tue Nov 13 2018 11:05:22 GMT+0700 (Indochina Time): GET /
Tue Nov 13 2018 11:05:23 GMT+0700 (Indochina Time): GET /project
Tue Nov 13 2018 11:05:24 GMT+0700 (Indochina Time): GET /about
Tue Nov 13 2018 11:05:24 GMT+0700 (Indochina Time): GET /
